<?xml version="1.0" encoding="UTF-8"?>
<!-- Generated by org.testng.reporters.JUnitReportReporter -->
<testsuite skipped="0" hostname="user" name="com.qa.test.DempTest" tests="4" failures="0" timestamp="18 Dec 2018 11:05:05 GMT" time="0.036" errors="0">
  <testcase name="mul" time="0.008" classname="com.qa.test.DempTest"/>
  <testcase name="sub" time="0.000" classname="com.qa.test.DempTest"/>
  <testcase name="sum" time="0.000" classname="com.qa.test.DempTest"/>
  <testcase name="div" time="0.028" classname="com.qa.test.DempTest"/>
</testsuite> <!-- com.qa.test.DempTest -->
