<?xml version="1.0" encoding="UTF-8"?>
<!-- Generated by org.testng.reporters.JUnitReportReporter -->
<testsuite skipped="0" hostname="user" name="com.qa.test.AppTest" tests="1" failures="0" timestamp="27 Oct 2019 10:58:09 GMT" time="0.004" errors="0">
  <testcase name="testApp" time="0.004" classname="com.qa.test.AppTest"/>
</testsuite> <!-- com.qa.test.AppTest -->
