<?xml version="1.0" encoding="UTF-8"?>
<!-- Generated by org.testng.reporters.JUnitReportReporter -->
<testsuite skipped="0" hostname="user" name="com.testngpractice.Test1" tests="1" failures="0" timestamp="27 Oct 2019 10:58:09 GMT" time="0.007" errors="0">
  <testcase name="googleTittle" time="0.007" classname="com.testngpractice.Test1"/>
</testsuite> <!-- com.testngpractice.Test1 -->
