<?xml version="1.0" encoding="UTF-8"?>
<!-- Generated by org.testng.reporters.JUnitReportReporter -->
<testsuite skipped="0" hostname="user" name="com.qa.test.DemoTest" tests="4" failures="0" timestamp="27 Oct 2019 10:58:09 GMT" time="0.005" errors="0">
  <testcase name="sub" time="0.000" classname="com.qa.test.DemoTest"/>
  <testcase name="div" time="0.005" classname="com.qa.test.DemoTest"/>
  <testcase name="mul" time="0.000" classname="com.qa.test.DemoTest"/>
  <testcase name="sum" time="0.000" classname="com.qa.test.DemoTest"/>
</testsuite> <!-- com.qa.test.DemoTest -->
